RPC STATS: 1:1 6006:4 6007:20 
RPC STATS: 1:2 6006:9 6007:39 
RPC STATS: 1:2 6003:13 6006:10 6007:50 
RPC STATS: 1:2 6003:30 6005:2 6006:16 6007:50 
RPC STATS: 1:2 6001:2 6002:2 6003:39 6005:4 6006:26 6007:50 
RPC STATS: 1:2 6001:4 6002:5 6003:48 6005:8 6006:33 6007:50 
RPC STATS: 1:2 6001:8 6002:8 6003:56 6005:10 6006:41 6007:50 
RPC STATS: 1:2 6001:10 6002:10 6003:64 6005:13 6006:51 6007:50 
RPC STATS: 1:2 6001:14 6002:14 6003:72 6005:16 6006:57 6007:50 
RPC STATS: 1:2 6001:16 6002:16 6003:80 6005:18 6006:68 6007:50 
RPC STATS: 1:2 6001:18 6002:18 6003:90 6005:22 6006:75 6007:50 
RPC STATS: 1:2 6001:22 6002:22 6003:97 6005:24 6006:83 6007:50 
RPC STATS: 1:2 6001:24 6002:24 6003:106 6005:26 6006:93 6007:50 
RPC STATS: 1:2 6001:27 6002:28 6003:114 6005:30 6006:99 6007:50 
RPC STATS: 1:2 6001:30 6002:30 6003:122 6005:32 6006:109 6007:50 
RPC STATS: 1:2 6001:32 6002:32 6003:131 6005:36 6006:117 6007:50 
RPC STATS: 1:2 6001:35 6002:36 6003:139 6005:38 6006:125 6007:50 
RPC STATS: 1:2 6001:38 6002:38 6003:148 6005:41 6006:133 6007:50 
RPC STATS: 1:2 6001:41 6002:41 6003:156 6005:43 6006:142 6007:50 
RPC STATS: 1:2 6001:43 6002:44 6003:164 6005:47 6006:150 6007:50 
RPC STATS: 1:2 6001:47 6002:47 6003:172 6005:49 6006:158 6007:50 
RPC STATS: 1:2 6001:49 6002:49 6003:181 6005:52 6006:167 6007:50 
RPC STATS: 1:2 6001:52 6002:52 6003:189 6005:55 6006:175 6007:50 
RPC STATS: 1:2 6001:55 6002:55 6003:197 6005:57 6006:184 6007:50 
RPC STATS: 1:2 6001:57 6002:57 6003:206 6005:61 6006:192 6007:50 
RPC STATS: 1:2 6001:61 6002:61 6003:214 6005:63 6006:199 6007:50 
RPC STATS: 1:2 6001:63 6002:63 6003:222 6005:66 6006:209 6007:50 
RPC STATS: 1:2 6001:66 6002:66 6003:230 6005:69 6006:217 6007:50 
RPC STATS: 1:2 6001:69 6002:69 6003:238 6005:71 6006:226 6007:50 
RPC STATS: 1:2 6001:71 6002:71 6003:248 6005:74 6006:234 6007:50 
RPC STATS: 1:2 6001:74 6002:75 6003:256 6005:77 6006:241 6007:50 
RPC STATS: 1:2 6001:77 6002:77 6003:264 6005:80 6006:250 6007:50 
RPC STATS: 1:2 6001:80 6002:80 6003:272 6005:83 6006:258 6007:50 
RPC STATS: 1:2 6001:83 6002:83 6003:280 6005:85 6006:267 6007:50 
RPC STATS: 1:2 6001:85 6002:85 6003:289 6005:88 6006:276 6007:50 
RPC STATS: 1:2 6001:89 6002:89 6003:297 6005:91 6006:282 6007:50 
RPC STATS: 1:2 6001:91 6002:91 6003:305 6005:93 6006:293 6007:50 
RPC STATS: 1:2 6001:93 6002:93 6003:315 6005:97 6006:300 6007:50 
RPC STATS: 1:2 6001:97 6002:97 6003:322 6005:99 6006:308 6007:50 
RPC STATS: 1:2 6001:99 6002:99 6003:331 6005:101 6006:318 6007:50 
RPC STATS: 1:2 6001:102 6002:103 6003:339 6005:105 6006:324 6007:50 
RPC STATS: 1:2 6001:105 6002:105 6003:347 6005:107 6006:334 6007:50 
RPC STATS: 1:2 6001:107 6002:107 6003:356 6005:111 6006:342 6007:50 
RPC STATS: 1:2 6001:111 6002:111 6003:363 6005:113 6006:350 6007:50 
RPC STATS: 1:2 6001:113 6002:113 6003:372 6005:115 6006:360 6007:50 
RPC STATS: 1:2 6001:115 6002:117 6003:381 6005:119 6006:366 6007:50 
RPC STATS: 1:2 6001:119 6002:119 6003:389 6005:121 6006:375 6007:50 
RPC STATS: 1:2 6001:121 6002:121 6003:397 6005:125 6006:384 6007:50 
RPC STATS: 1:2 6001:125 6002:125 6003:405 6005:127 6006:391 6007:50 
RPC STATS: 1:2 6001:127 6002:127 6003:413 6005:129 6006:402 6007:50 
RPC STATS: 1:2 6001:129 6002:130 6003:423 6005:133 6006:408 6007:50 
RPC STATS: 1:2 6001:133 6002:133 6003:431 6005:135 6006:416 6007:50 
RPC STATS: 1:2 6001:135 6002:135 6003:439 6005:138 6006:426 6007:50 
RPC STATS: 1:2 6001:139 6002:139 6003:447 6005:141 6006:432 6007:50 
RPC STATS: 1:2 6001:141 6002:141 6003:455 6005:143 6006:443 6007:50 
RPC STATS: 1:2 6001:143 6002:144 6003:464 6005:147 6006:450 6007:50 
RPC STATS: 1:2 6001:147 6002:147 6003:472 6005:149 6006:458 6007:50 
RPC STATS: 1:2 6001:149 6002:149 6003:481 6005:152 6006:467 6007:50 
RPC STATS: 1:2 6001:152 6002:152 6003:489 6005:155 6006:475 6007:50 
RPC STATS: 1:2 6001:155 6002:155 6003:497 6005:157 6006:484 6007:50 
RPC STATS: 1:2 6001:157 6002:158 6003:506 6005:160 6006:492 6007:50 
RPC STATS: 1:2 6001:160 6002:161 6003:514 6005:163 6006:500 6007:50 
RPC STATS: 1:2 6001:163 6002:163 6003:522 6005:166 6006:509 6007:50 
RPC STATS: 1:2 6001:166 6002:166 6003:531 6005:169 6006:516 6007:50 
RPC STATS: 1:2 6001:169 6002:169 6003:539 6005:171 6006:525 6007:50 
RPC STATS: 1:2 6001:171 6002:171 6003:548 6005:174 6006:534 6007:50 
RPC STATS: 1:2 6001:174 6002:175 6003:556 6005:177 6006:541 6007:50 
RPC STATS: 1:2 6001:177 6002:177 6003:564 6005:180 6006:550 6007:50 
RPC STATS: 1:2 6001:180 6002:180 6003:572 6005:183 6006:558 6007:50 
RPC STATS: 1:2 6001:183 6002:183 6003:580 6005:185 6006:567 6007:50 
RPC STATS: 1:2 6001:185 6002:186 6003:589 6005:188 6006:575 6007:50 
RPC STATS: 1:2 6001:188 6002:188 6003:597 6005:191 6006:584 6007:50 
RPC STATS: 1:2 6001:191 6002:191 6003:605 6005:194 6006:592 6007:50 
RPC STATS: 1:2 6001:194 6002:194 6003:614 6005:196 6006:600 6007:50 
RPC STATS: 1:2 6001:196 6002:197 6003:622 6005:199 6006:609 6007:50 
RPC STATS: 1:2 6001:200 6002:200 6003:630 6005:202 6006:616 6007:50 
RPC STATS: 1:2 6001:200 6002:200 6003:639 6004:4 6005:202 6006:628 6007:50 
RPC STATS: 1:2 6001:200 6002:200 6003:647 6004:8 6005:202 6006:641 6007:50 
RPC STATS: 1:2 6001:200 6002:200 6003:655 6004:12 6005:202 6006:654 6007:50 
RPC STATS: 1:2 6001:200 6002:200 6003:664 6004:16 6005:202 6006:666 6007:50 
RPC STATS: 1:2 6001:200 6002:200 6003:673 6004:20 6005:202 6006:678 6007:50 
RPC STATS: 1:2 6001:200 6002:200 6003:681 6004:24 6005:202 6006:691 6007:50 
RPC STATS: 1:2 6001:200 6002:200 6003:690 6004:28 6005:202 6006:703 6007:50 
RPC STATS: 1:2 6001:200 6002:200 6003:698 6004:32 6005:202 6006:716 6007:50 
RPC STATS: 1:2 6001:200 6002:200 6003:706 6004:36 6005:202 6006:729 6007:50 
RPC STATS: 1:2 6001:200 6002:200 6003:714 6004:41 6005:202 6006:741 6007:50 
RPC STATS: 1:2 6001:200 6002:200 6003:722 6004:45 6005:202 6006:754 6007:50 
RPC STATS: 1:2 6001:200 6002:200 6003:730 6004:50 6005:202 6006:766 6007:50 
RPC STATS: 1:2 6001:200 6002:200 6003:739 6004:54 6005:202 6006:778 6007:50 
RPC STATS: 1:2 6001:200 6002:200 6003:747 6004:58 6005:202 6006:791 6007:50 
RPC STATS: 1:2 6001:200 6002:200 6003:756 6004:62 6005:202 6006:803 6007:50 
RPC STATS: 1:2 6001:200 6002:200 6003:764 6004:66 6005:202 6006:816 6007:50 
RPC STATS: 1:2 6001:200 6002:200 6003:773 6004:70 6005:202 6006:828 6007:50 
RPC STATS: 1:2 6001:200 6002:200 6003:781 6004:74 6005:202 6006:841 6007:50 
RPC STATS: 1:2 6001:200 6002:200 6003:790 6004:78 6005:202 6006:853 6007:50 
RPC STATS: 1:2 6001:200 6002:200 6003:798 6004:82 6005:202 6006:866 6007:50 
RPC STATS: 1:2 6001:200 6002:200 6003:806 6004:86 6005:202 6006:879 6007:50 
RPC STATS: 1:2 6001:200 6002:200 6003:814 6004:91 6005:202 6006:891 6007:50 
RPC STATS: 1:2 6001:200 6002:200 6003:822 6004:96 6005:202 6006:903 6007:50 
RPC STATS: 1:2 6001:200 6002:200 6003:830 6004:100 6005:202 6006:916 6007:50 
RPC STATS: 1:2 6001:200 6002:200 6003:838 6004:104 6005:202 6006:929 6007:50 
RPC STATS: 1:2 6001:200 6002:200 6003:847 6004:108 6005:202 6006:941 6007:50 
RPC STATS: 1:2 6001:200 6002:200 6003:856 6004:112 6005:202 6006:953 6007:50 
RPC STATS: 1:2 6001:200 6002:200 6003:864 6004:116 6005:202 6006:966 6007:50 
RPC STATS: 1:2 6001:200 6002:200 6003:873 6004:120 6005:202 6006:978 6007:50 
RPC STATS: 1:2 6001:200 6002:200 6003:881 6004:124 6005:202 6006:991 6007:50 
RPC STATS: 1:2 6001:200 6002:200 6003:890 6004:128 6005:202 6006:1003 6007:50 
RPC STATS: 1:2 6001:200 6002:200 6003:898 6004:132 6005:202 6006:1016 6007:50 
RPC STATS: 1:2 6001:200 6002:200 6003:906 6004:136 6005:202 6006:1029 6007:50 
RPC STATS: 1:2 6001:200 6002:200 6003:914 6004:141 6005:202 6006:1041 6007:50 
RPC STATS: 1:2 6001:200 6002:200 6003:922 6004:146 6005:202 6006:1053 6007:50 
RPC STATS: 1:2 6001:200 6002:200 6003:930 6004:150 6005:202 6006:1066 6007:50 
RPC STATS: 1:2 6001:200 6002:200 6003:939 6004:153 6005:202 6006:1079 6007:50 
RPC STATS: 1:2 6001:200 6002:200 6003:948 6004:157 6005:202 6006:1091 6007:50 
RPC STATS: 1:2 6001:200 6002:200 6003:956 6004:161 6005:202 6006:1104 6007:50 
RPC STATS: 1:2 6001:200 6002:200 6003:964 6004:166 6005:202 6006:1116 6007:50 
RPC STATS: 1:2 6001:200 6002:200 6003:972 6004:171 6005:202 6006:1128 6007:50 
RPC STATS: 1:2 6001:200 6002:200 6003:980 6004:175 6005:202 6006:1141 6007:50 
RPC STATS: 1:2 6001:200 6002:200 6003:988 6004:179 6005:202 6006:1154 6007:50 
RPC STATS: 1:2 6001:200 6002:200 6003:997 6004:183 6005:202 6006:1166 6007:50 
RPC STATS: 1:2 6001:200 6002:200 6003:1005 6004:187 6005:202 6006:1179 6007:50 
RPC STATS: 1:2 6001:200 6002:200 6003:1014 6004:191 6005:202 6006:1191 6007:50 
RPC STATS: 1:2 6001:200 6002:200 6003:1022 6004:195 6005:202 6006:1204 6007:50 
RPC STATS: 1:2 6001:200 6002:200 6003:1030 6004:198 6005:202 6006:1213 6007:55 
RPC STATS: 1:2 6001:200 6002:200 6003:1041 6004:198 6005:202 6006:1224 6007:58 
RPC STATS: 1:2 6001:200 6002:200 6003:1053 6004:198 6005:202 6006:1234 6007:61 
